<?xml version="1.0" encoding="utf-8"?>
<Container>
<Name>Daapd-Server</Name>
<Beta>False</Beta>
<Category>MediaApp:Music</Category>
<Date>2015-07-09</Date>
<Changes>
[center][img width='300px' src='http://i117.photobucket.com/albums/o43/sparklyballs_album/Fubar/sparklyballs2.gif'][/center]

[center][font size=5]Daapd-Server Change Log[/font][/center]
[font size=4]2015-07-09[/font]
- Initial Release
- Clean up build-deps
- Updated version of config file
- Moved log/databases/cache to subfolder of /config,
that thing got big QUICKLY, lol.
- Changed DBUS extra parameter to read only
</Changes>
<Description>Server that allows you to play your music folders in itunes without importing them, map /music to your library and /config to your appdata share.</Description>
<Support>http://lime-technology.com/forum/index.php?topic=41394.0</Support>
<Overview>Server that allows you to play your music folders in itunes without importing them.</Overview>
<Registry>https://registry.hub.docker.com/u/sparklyballs/test-build/</Registry>
<Repository>sparklyballs/test-build</Repository>
<BindTime>true</BindTime>
<Privileged>false</Privileged>
<Environment/>
<Networking>
<Mode>bridge</Mode>
<Publish>
<Port>
<HostPort>3689</HostPort>
<ContainerPort>3689</ContainerPort>
<Protocol>tcp</Protocol>
</Port>
<Port>
<HostPort>3689</HostPort>
<ContainerPort>3689</ContainerPort>
<Protocol>udp</Protocol>
</Port>
</Publish>
</Networking>
<Data>
<Volume>
<HostDir></HostDir>
<ContainerDir>/music</ContainerDir>
<Mode>ro</Mode>
</Volume>
<Volume>
<HostDir></HostDir>
<ContainerDir>/config</ContainerDir>
<Mode>rw</Mode>
</Volume>
</Data>
<Banner></Banner>
<Icon>http://i.imgur.com/lAzFI2L.png</Icon>
<ExtraParams>-v /var/run/dbus:/var/run/dbus:ro</ExtraParams>
</Container>
