<?xml version="1.0" encoding="utf-8"?>
<Container>
  <Name>Wine-Box</Name>
  <Category>Other: Tools:</Category>
<Date>2015-07-16</Date>
<Changes>
[center][img width='300px' src='http://i117.photobucket.com/albums/o43/sparklyballs_album/Fubar/sparklyballs2.gif'][/center]

[center][font size=5]Wine-Box Change Log[/font][/center]
[font size=4]2015-07-16[/font]
- Initial Release
</Changes>
  <support>http://lime-technology.com/forum/index.php?topic=38232</support>
  <Description>Wine is a windows emulator that allows running of some windows applications in the linux environment</Description>
  <Overview>Wine is a windows emulator that allows running of some windows applications in the linux environment</Overview>
  <Registry>https://registry.hub.docker.com/u/sparklyballs/winebox/</Registry>
  <Repository>sparklyballs/winebox</Repository>
  <BindTime>true</BindTime>
  <Privileged>false</Privileged>
  <Environment>
    <Variable>
      <Name></Name>
      <Value></Value>
    </Variable>
  </Environment>
  <Networking>
    <Mode>bridge</Mode>
    <Publish>
        <Port>
        <HostPort>3389</HostPort>
        <ContainerPort>3389</ContainerPort>
        <Protocol>tcp</Protocol>
      </Port>
    </Publish>
  </Networking>
  <Data>
   <Volume>
      <HostDir></HostDir>
      <ContainerDir>/home/ubuntu/.config</ContainerDir>
      <Mode>rw</Mode>
    </Volume>
  </Data>
  <WebUI></WebUI>
  <Banner></Banner>
  <Icon>http://i.imgur.com/xw7riDn.png</Icon>
</Container>
